<?xml version="1.0" encoding="UTF-8"?>
<!-- Generated by org.testng.reporters.JUnitXMLReporter -->
<testsuite ignored="0" hostname="DESKTOP-75JFQNJ" failures="0" tests="3" name="Smoke test" time="45.196" errors="0" timestamp="07 Apr 2020 00:03:38 GMT">
  <testcase classname="com.weborders.tests.SmokeTest" name="smokeTest" time="2.993"/>
  <testcase classname="com.weborders.tests.SmokeTest" name="smokeTest" time="2.875"/>
  <testcase classname="com.weborders.tests.SmokeTest" name="smokeTest" time="3.536"/>
</testsuite> <!-- Smoke test -->
