<?xml version="1.0" encoding="UTF-8"?>
<testng-results ignored="0" total="3" passed="3" failed="0" skipped="0">
  <reporter-output>
  </reporter-output>
  <suite started-at="2020-04-07T00:02:53Z" name="Smoke" finished-at="2020-04-07T00:03:38Z" duration-ms="45196">
    <groups>
    </groups>
    <test started-at="2020-04-07T00:02:53Z" name="Smoke test" finished-at="2020-04-07T00:03:38Z" duration-ms="45196">
      <class name="com.weborders.tests.SmokeTest">
        <test-method is-config="true" signature="beforeTest()[pri:0, instance:com.weborders.tests.SmokeTest@21526f6c]" started-at="2020-04-07T00:02:53Z" name="beforeTest" finished-at="2020-04-07T00:02:53Z" duration-ms="115" status="PASS">
          <reporter-output>
          </reporter-output>
        </test-method> <!-- beforeTest -->
        <test-method is-config="true" signature="setup()[pri:0, instance:com.weborders.tests.SmokeTest@21526f6c]" started-at="2020-04-07T00:02:53Z" name="setup" finished-at="2020-04-07T00:02:58Z" duration-ms="4810" status="PASS">
          <reporter-output>
          </reporter-output>
        </test-method> <!-- setup -->
        <test-method signature="smokeTest(java.lang.String, java.lang.String)[pri:0, instance:com.weborders.tests.SmokeTest@21526f6c]" started-at="2020-04-07T00:02:58Z" name="smokeTest" data-provider="smokeTestData" finished-at="2020-04-07T00:03:01Z" duration-ms="2993" status="PASS">
          <params>
            <param index="0">
              <value>
                <![CDATA[View all products]]>
              </value>
            </param>
            <param index="1">
              <value>
                <![CDATA[List of Products]]>
              </value>
            </param>
          </params>
          <reporter-output>
          </reporter-output>
        </test-method> <!-- smokeTest -->
        <test-method is-config="true" signature="teardown(org.testng.ITestResult)[pri:0, instance:com.weborders.tests.SmokeTest@21526f6c]" started-at="2020-04-07T00:03:01Z" name="teardown" finished-at="2020-04-07T00:03:05Z" duration-ms="3652" status="PASS">
          <params>
            <param index="0">
              <value>
                <![CDATA[[TestResult name=smokeTest status=SUCCESS method=SmokeTest.smokeTest(java.lang.String, java.lang.String)[pri:0, instance:com.weborders.tests.SmokeTest@21526f6c] output={null}]]]>
              </value>
            </param>
          </params>
          <reporter-output>
          </reporter-output>
        </test-method> <!-- teardown -->
        <test-method is-config="true" signature="setup()[pri:0, instance:com.weborders.tests.SmokeTest@21526f6c]" started-at="2020-04-07T00:03:05Z" name="setup" finished-at="2020-04-07T00:03:15Z" duration-ms="9839" status="PASS">
          <reporter-output>
          </reporter-output>
        </test-method> <!-- setup -->
        <test-method signature="smokeTest(java.lang.String, java.lang.String)[pri:0, instance:com.weborders.tests.SmokeTest@21526f6c]" started-at="2020-04-07T00:03:15Z" name="smokeTest" data-provider="smokeTestData" finished-at="2020-04-07T00:03:17Z" duration-ms="2875" status="PASS">
          <params>
            <param index="0">
              <value>
                <![CDATA[View all orders]]>
              </value>
            </param>
            <param index="1">
              <value>
                <![CDATA[List of All Orders]]>
              </value>
            </param>
          </params>
          <reporter-output>
          </reporter-output>
        </test-method> <!-- smokeTest -->
        <test-method is-config="true" signature="teardown(org.testng.ITestResult)[pri:0, instance:com.weborders.tests.SmokeTest@21526f6c]" started-at="2020-04-07T00:03:17Z" name="teardown" finished-at="2020-04-07T00:03:21Z" duration-ms="3669" status="PASS">
          <params>
            <param index="0">
              <value>
                <![CDATA[[TestResult name=smokeTest status=SUCCESS method=SmokeTest.smokeTest(java.lang.String, java.lang.String)[pri:0, instance:com.weborders.tests.SmokeTest@21526f6c] output={null}]]]>
              </value>
            </param>
          </params>
          <reporter-output>
          </reporter-output>
        </test-method> <!-- teardown -->
        <test-method is-config="true" signature="setup()[pri:0, instance:com.weborders.tests.SmokeTest@21526f6c]" started-at="2020-04-07T00:03:21Z" name="setup" finished-at="2020-04-07T00:03:31Z" duration-ms="9549" status="PASS">
          <reporter-output>
          </reporter-output>
        </test-method> <!-- setup -->
        <test-method signature="smokeTest(java.lang.String, java.lang.String)[pri:0, instance:com.weborders.tests.SmokeTest@21526f6c]" started-at="2020-04-07T00:03:31Z" name="smokeTest" data-provider="smokeTestData" finished-at="2020-04-07T00:03:34Z" duration-ms="3536" status="PASS">
          <params>
            <param index="0">
              <value>
                <![CDATA[Order]]>
              </value>
            </param>
            <param index="1">
              <value>
                <![CDATA[Order]]>
              </value>
            </param>
          </params>
          <reporter-output>
          </reporter-output>
        </test-method> <!-- smokeTest -->
        <test-method is-config="true" signature="teardown(org.testng.ITestResult)[pri:0, instance:com.weborders.tests.SmokeTest@21526f6c]" started-at="2020-04-07T00:03:34Z" name="teardown" finished-at="2020-04-07T00:03:38Z" duration-ms="3663" status="PASS">
          <params>
            <param index="0">
              <value>
                <![CDATA[[TestResult name=smokeTest status=SUCCESS method=SmokeTest.smokeTest(java.lang.String, java.lang.String)[pri:0, instance:com.weborders.tests.SmokeTest@21526f6c] output={null}]]]>
              </value>
            </param>
          </params>
          <reporter-output>
          </reporter-output>
        </test-method> <!-- teardown -->
        <test-method is-config="true" signature="afterTest()[pri:0, instance:com.weborders.tests.SmokeTest@21526f6c]" started-at="2020-04-07T00:03:38Z" name="afterTest" finished-at="2020-04-07T00:03:38Z" duration-ms="473" status="PASS">
          <reporter-output>
          </reporter-output>
        </test-method> <!-- afterTest -->
      </class> <!-- com.weborders.tests.SmokeTest -->
    </test> <!-- Smoke test -->
  </suite> <!-- Smoke -->
</testng-results>
